Start testing: Oct 21 14:37 CEST
----------------------------------------------------------
Unable to find executable: Tutorial
1/9 Testing: TutorialRuns
1/9 Test: TutorialRuns
Command: "" "25"
Directory: /home/daniel/democtest
"TutorialRuns" start time: 
Output:
----------------------------------------------------------
<end of output>
Test time =   0.00 sec
----------------------------------------------------------
Test Passed.
"TutorialRuns" end time: Oct 21 14:37 CEST
"TutorialRuns" time elapsed: 00:00:00
----------------------------------------------------------

Unable to find executable: Tutorial
2/9 Testing: TutorialUsage
2/9 Test: TutorialUsage
Command: ""
Directory: /home/daniel/democtest
"TutorialUsage" start time: 
Output:
----------------------------------------------------------
<end of output>
Test time =   0.00 sec
----------------------------------------------------------
Test Pass Reason:
Required regular expression not found.Regex=[Usage:.*number
]
"TutorialUsage" end time: Oct 21 14:37 CEST
"TutorialUsage" time elapsed: 00:00:00
----------------------------------------------------------

Unable to find executable: Tutorial
3/9 Testing: TutorialComp4
3/9 Test: TutorialComp4
Command: "" "4"
Directory: /home/daniel/democtest
"TutorialComp4" start time: 
Output:
----------------------------------------------------------
<end of output>
Test time =   0.00 sec
----------------------------------------------------------
Test Pass Reason:
Required regular expression not found.Regex=[4 is 2
]
"TutorialComp4" end time: Oct 21 14:37 CEST
"TutorialComp4" time elapsed: 00:00:00
----------------------------------------------------------

Unable to find executable: Tutorial
4/9 Testing: TutorialComp9
4/9 Test: TutorialComp9
Command: "" "9"
Directory: /home/daniel/democtest
"TutorialComp9" start time: 
Output:
----------------------------------------------------------
<end of output>
Test time =   0.00 sec
----------------------------------------------------------
Test Pass Reason:
Required regular expression not found.Regex=[9 is 3
]
"TutorialComp9" end time: Oct 21 14:37 CEST
"TutorialComp9" time elapsed: 00:00:00
----------------------------------------------------------

Unable to find executable: Tutorial
5/9 Testing: TutorialComp5
5/9 Test: TutorialComp5
Command: "" "5"
Directory: /home/daniel/democtest
"TutorialComp5" start time: 
Output:
----------------------------------------------------------
<end of output>
Test time =   0.00 sec
----------------------------------------------------------
Test Pass Reason:
Required regular expression not found.Regex=[5 is 2.236
]
"TutorialComp5" end time: Oct 21 14:37 CEST
"TutorialComp5" time elapsed: 00:00:00
----------------------------------------------------------

Unable to find executable: Tutorial
6/9 Testing: TutorialComp7
6/9 Test: TutorialComp7
Command: "" "7"
Directory: /home/daniel/democtest
"TutorialComp7" start time: 
Output:
----------------------------------------------------------
<end of output>
Test time =   0.00 sec
----------------------------------------------------------
Test Pass Reason:
Required regular expression not found.Regex=[7 is 2.645
]
"TutorialComp7" end time: Oct 21 14:37 CEST
"TutorialComp7" time elapsed: 00:00:00
----------------------------------------------------------

Unable to find executable: Tutorial
7/9 Testing: TutorialComp25
7/9 Test: TutorialComp25
Command: "" "25"
Directory: /home/daniel/democtest
"TutorialComp25" start time: 
Output:
----------------------------------------------------------
<end of output>
Test time =   0.00 sec
----------------------------------------------------------
Test Pass Reason:
Required regular expression not found.Regex=[25 is 5
]
"TutorialComp25" end time: Oct 21 14:37 CEST
"TutorialComp25" time elapsed: 00:00:00
----------------------------------------------------------

Unable to find executable: Tutorial
8/9 Testing: TutorialComp-25
8/9 Test: TutorialComp-25
Command: "" "-25"
Directory: /home/daniel/democtest
"TutorialComp-25" start time: 
Output:
----------------------------------------------------------
<end of output>
Test time =   0.00 sec
----------------------------------------------------------
Test Pass Reason:
Required regular expression not found.Regex=[-25 is 0
]
"TutorialComp-25" end time: Oct 21 14:37 CEST
"TutorialComp-25" time elapsed: 00:00:00
----------------------------------------------------------

Unable to find executable: Tutorial
9/9 Testing: TutorialComp0.0001
9/9 Test: TutorialComp0.0001
Command: "" "0.0001"
Directory: /home/daniel/democtest
"TutorialComp0.0001" start time: 
Output:
----------------------------------------------------------
<end of output>
Test time =   0.00 sec
----------------------------------------------------------
Test Pass Reason:
Required regular expression not found.Regex=[0.0001 is 0.01
]
"TutorialComp0.0001" end time: Oct 21 14:37 CEST
"TutorialComp0.0001" time elapsed: 00:00:00
----------------------------------------------------------

End testing: Oct 21 14:37 CEST
